# MLOps Pipeline Log - Seeded
LAST_RUN: 2026-04-17 12:28:55
Weekly 100325 to 160325.pdf
Weekly 161224 to 221224.pdf
Weekly%20010124%20to%20070124.pdf
Weekly%20010523%20to%20070523.pdf
Weekly%20010724%20to%20070724.pdf
Weekly%20010925%20to%20070925_466.pdf
Weekly%20011225%20to%20071225_556.pdf
Weekly%20020226%20to%20080226_898.pdf
Weekly%20020326%20to%20080326_253.pdf
Weekly%20020625%20to%20080625_438.pdf
Weekly%20020924%20to%20080924.pdf
Weekly%20021023%20to%20081023.pdf
Weekly%20021224%20to%20081224.pdf
Weekly%20030225%20to%20090225.pdf
Weekly%20030325%20to%20090325.pdf
Weekly%20030624%20to%20090624.pdf
Weekly%20030723%20to%20090723.pdf
Weekly%20031125%20to%20091125_333.pdf
Weekly%20040324%20to%20100324.pdf
Weekly%20040825%20to%20100825_755.pdf
Weekly%20040923%20to%20100923.pdf
Weekly%20041124%20to%20101124.pdf
Weekly%20041223%20to%20101223.pdf
Weekly%20050126%20to%20110126_536.pdf
Weekly%20050224%20to%20110224.pdf
Weekly%20050525%20to%20110525_427.pdf
Weekly%20050623%20to%20110623.pdf
Weekly%20050824%20to%20110824.pdf
Weekly%20060125%20to%20120125.pdf
Weekly%20060524%20to%20120524.pdf
Weekly%20061025%20to%20121025_720.pdf
Weekly%20061123%20to%20121123.pdf
Weekly%20070725%20to%20130725_814.pdf
Weekly%20070823%20to%20130823.pdf
Weekly%20071024%20to%20131024.pdf
Weekly%20080124%20to%20140124.pdf
Weekly%20080523%20to%20140523.pdf
Weekly%20080724%20to%20140724.pdf
Weekly%20080925%20to%20140925_248.pdf
Weekly%20081225%20to%20141225_410.pdf
Weekly%20090226%20to%20150226_555.pdf
Weekly%20090625%20to%20150625_101.pdf
Weekly%20090924%20to%20150924.pdf
Weekly%20091023%20to%20151023.pdf
Weekly%20091224%20to%20151224.pdf
Weekly%20100225%20to%20160225.pdf
Weekly%20100624%20to%20160624.pdf
Weekly%20100723%20to%20160723.pdf
Weekly%20101125%20to%20161125_295.pdf
Weekly%20110324%20to%20170324.pdf
Weekly%20110825%20to%20170825_411.pdf
Weekly%20110923%20to%20170923.pdf
Weekly%20111124%20to%20171124.pdf
Weekly%20111223%20to%20171223.pdf
Weekly%20120126%20to%20180126_661.pdf
Weekly%20120224%20to%20180224.pdf
Weekly%20120525%20to%20180525_540.pdf
Weekly%20120623%20to%20180623.pdf
Weekly%20120824%20to%20180824.pdf
Weekly%20130125%20to%20190125.pdf
Weekly%20130524%20to%20190524.pdf
Weekly%20131025%20to%20191025_396.pdf
Weekly%20131123%20to%20191123.pdf
Weekly%20140425%20to%20200425_346.pdf
Weekly%20140725%20to%20200725_842.pdf
Weekly%20140823%20to%20200823.pdf
Weekly%20141024%20to%20201024.pdf
Weekly%20150124%20to%20210124.pdf
Weekly%20150523%20to%20210523.pdf
Weekly%20150724%20to%20210724.pdf
Weekly%20150925%20to%20210925_537.pdf
Weekly%20151225%20to%20211225_955.pdf
Weekly%20160226%20to%20220226_651.pdf
Weekly%20160625%20to%20220625_949.pdf
Weekly%20160924%20to%20220924.pdf
Weekly%20161023%20to%20221023.pdf
Weekly%20170225%20to%20230225.pdf
Weekly%20170423%20to%20230423.pdf
Weekly%20170624%20to%20230624.pdf
Weekly%20170723%20to%20230723.pdf
Weekly%20171125%20to%20231125_309.pdf
Weekly%20180324%20to%20240324.pdf
Weekly%20180825%20to%20240825_460.pdf
Weekly%20180923%20to%20240923.pdf
Weekly%20181124%20to%20241124.pdf
Weekly%20181223%20to%20241223.pdf
Weekly%20190126%20to%20250126_735.pdf
Weekly%20190224%20to%20250224.pdf
Weekly%20190525%20to%20250525_288.pdf
Weekly%20190623%20to%20250623.pdf
Weekly%20190824%20to%20250824.pdf
Weekly%20200125%20to%20260125.pdf
Weekly%20200524%20to%20260524.pdf
Weekly%20201025%20to%20261025_999.pdf
Weekly%20201123%20to%20261123.pdf
Weekly%20210425%20to%20270425_546.pdf
Weekly%20210725%20to%20270725_278.pdf
Weekly%20210823%20to%20270823.pdf
Weekly%20211024%20to%20271024.pdf
Weekly%20220124%20to%20280124.pdf
Weekly%20220523%20to%20280523.pdf
Weekly%20220724%20to%20280724.pdf
Weekly%20220925%20to%20280925_704.pdf
Weekly%20221225%20to%20281225_868.pdf
Weekly%20230226%20to%20010326_845.pdf
Weekly%20230625%20to%20290625_614.pdf
Weekly%20230924%20to%20290924.pdf
Weekly%20231023%20to%20291023.pdf
Weekly%20240225%20to%20020325.pdf
Weekly%20240423%20to%20300423.pdf
Weekly%20240624%20to%20300624.pdf
Weekly%20240723%20to%20300723.pdf
Weekly%20241125%20to%20301125_446.pdf
Weekly%20250324%20to%20310324.pdf
Weekly%20250825%20to%20310825_367.pdf
Weekly%20250923%20to%20011023.pdf
Weekly%20251124%20to%20011224.pdf
Weekly%20251223%20to%20311223.pdf
Weekly%20260126%20to%20010226_911.pdf
Weekly%20260224%20to%20030324.pdf
Weekly%20260525%20to%20010625_216.pdf
Weekly%20260623%20to%20020723.pdf
Weekly%20260824%20to%20010924.pdf
Weekly%20270125%20to%20020225.pdf
Weekly%20270524%20to%20020624.pdf
Weekly%20271025%20to%20021125_380.pdf
Weekly%20271123%20to%20031223.pdf
Weekly%20280425%20to%20040525_929.pdf
Weekly%20280725%20to%20030825_669.pdf
Weekly%20280823%20to%20030923.pdf
Weekly%20281024%20to%20031124.pdf
Weekly%20290124%20to%20040224.pdf
Weekly%20290424%20to%20050524.pdf
Weekly%20290523%20to%20040623.pdf
Weekly%20290724%20to%20040824.pdf
Weekly%20290925%20to%20051025_427.pdf
Weekly%20291225%20to%20040126_735.pdf
Weekly%20300625%20to%20010725_540.pdf
Weekly%20300924%20to%20061024.pdf
Weekly%20301023%20to%20051123.pdf
Weekly%20301224%20to%20050125.pdf
Weekly%20310723%20to%20060823.pdf
